#
# A fatal error has been detected by the Java Runtime Environment:
#
#  SIGSEGV (0xb) at pc=0x010d2812, pid=6431, tid=3083430768
#
# JRE version: 6.0-b16
# Java VM: OpenJDK Client VM (14.0-b16 mixed mode, sharing linux-x86 )
# Distribution: Ubuntu karmic (development branch), package 6b16-1.6.1-1ubuntu2
# Problematic frame:
# V  [libjvm.so+0x2fc812]
#
# If you would like to submit a bug report, please include
# instructions how to reproduce the bug and visit:
#   https://bugs.launchpad.net/ubuntu/+source/openjdk-6/
#

---------------  T H R E A D  ---------------

Current thread (0x09b0ac00):  JavaThread "CompilerThread0" daemon [_thread_in_vm, id=6440, stack(0xb7c16000,0xb7c97000)]

siginfo:si_signo=SIGSEGV: si_errno=0, si_code=1 (SEGV_MAPERR), si_addr=0x00000010

Registers:
EAX=0x00000000, EBX=0x0127cff4, ECX=0x0127cff4, EDX=0x00000500
ESP=0xb7c958f0, EBP=0xb7c958f8, ESI=0x00000500, EDI=0xb7c959f0
EIP=0x010d2812, CR2=0x00000010, EFLAGS=0x00210286

Top of Stack: (sp=0xb7c958f0)
0xb7c958f0:   0127cff4 b7c959ac b7c95918 010d286f
0xb7c95900:   00000500 012a0760 00000000 010d283a
0xb7c95910:   0127cff4 b7c95980 b7c95958 010d3115
0xb7c95920:   b7c959ac b7c959ac 05252d67 05252d67
0xb7c95930:   b7c95980 b7c959f0 b7c95958 b7c959ac
0xb7c95940:   b7c959ac 012a0760 b7c95cf0 0127cff4
0xb7c95950:   b7c95980 b7c959f0 b7c959d8 00ee5ea5
0xb7c95960:   b7c95980 b7c95cf0 b7c959f0 00000000 

Instructions: (pc=0x010d2812)
0x010d2802:   39 c6 7d 1a 83 ec 0c 56 e8 71 72 02 00 83 c4 10
0x010d2812:   8b 40 10 8d 65 f8 5b 5e 5d c3 8d 74 26 00 8d 65 

Stack: [0xb7c16000,0xb7c97000],  sp=0xb7c958f0,  free space=510k
Native frames: (J=compiled Java code, j=interpreted, Vv=VM code, C=native code)
V  [libjvm.so+0x2fc812]
V  [libjvm.so+0x2fc86f]
V  [libjvm.so+0x2fd115]
V  [libjvm.so+0x10fea5]
V  [libjvm.so+0x110801]
V  [libjvm.so+0x10d86f]
V  [libjvm.so+0x10da4b]
V  [libjvm.so+0x10e501]
V  [libjvm.so+0xcad81]
V  [libjvm.so+0xcae22]
V  [libjvm.so+0x37537]
V  [libjvm.so+0x74120]
V  [libjvm.so+0x740d7]
V  [libjvm.so+0x120822]
V  [libjvm.so+0x120f57]
V  [libjvm.so+0x362108]
V  [libjvm.so+0x36706c]
V  [libjvm.so+0x36712a]
V  [libjvm.so+0x2c6341]
C  [libpthread.so.0+0x580e]


Current CompileTask:
C1:  1      java.lang.String.charAt(I)C (33 bytes)


---------------  P R O C E S S  ---------------

Java Threads: ( => current thread )
  0x09b0e000 JavaThread "Low Memory Detector" daemon [_thread_blocked, id=6441, stack(0xb7bc5000,0xb7c16000)]
=>0x09b0ac00 JavaThread "CompilerThread0" daemon [_thread_in_vm, id=6440, stack(0xb7c16000,0xb7c97000)]
  0x09b09400 JavaThread "Signal Dispatcher" daemon [_thread_blocked, id=6439, stack(0xb7c97000,0xb7ce8000)]
  0x09b00400 JavaThread "Finalizer" daemon [_thread_blocked, id=6438, stack(0xb7d2e000,0xb7d7f000)]
  0x09afec00 JavaThread "Reference Handler" daemon [_thread_blocked, id=6437, stack(0xb7d7f000,0xb7dd0000)]
  0x09ad0400 JavaThread "main" [_thread_in_vm, id=6432, stack(0xb8019000,0xb806a000)]

Other Threads:
  0x09afd000 VMThread [stack: 0xb7dd0000,0xb7e51000] [id=6436]
  0x09b0fc00 WatcherThread [stack: 0xb7b44000,0xb7bc5000] [id=6442]

VM state:not at safepoint (normal execution)

VM Mutex/Monitor currently owned by a thread:  ([mutex/lock_event])
[0x09acd6b8] CodeCache_lock - owner thread: 0x09b0ac00

Heap
 def new generation   total 960K, used 184K [0x72360000, 0x72460000, 0x74ac0000)
  eden space 896K,  20% used [0x72360000, 0x7238e0b0, 0x72440000)
  from space 64K,   0% used [0x72440000, 0x72440000, 0x72450000)
  to   space 64K,   0% used [0x72450000, 0x72450000, 0x72460000)
 tenured generation   total 4096K, used 0K [0x74ac0000, 0x74ec0000, 0x92360000)
   the space 4096K,   0% used [0x74ac0000, 0x74ac0000, 0x74ac0200, 0x74ec0000)
 compacting perm gen  total 12288K, used 17K [0x92360000, 0x92f60000, 0x96360000)
   the space 12288K,   0% used [0x92360000, 0x92364550, 0x92364600, 0x92f60000)
    ro space 8192K,  89% used [0x96360000, 0x96a8dbe0, 0x96a8dc00, 0x96b60000)
    rw space 12288K,  59% used [0x96b60000, 0x9728c698, 0x9728c800, 0x97760000)

Dynamic libraries:
00110000-00261000 r-xp 00000000 08:04 8610       /lib/tls/i686/cmov/libc-2.10.1.so
00261000-00262000 ---p 00151000 08:04 8610       /lib/tls/i686/cmov/libc-2.10.1.so
00262000-00264000 r--p 00151000 08:04 8610       /lib/tls/i686/cmov/libc-2.10.1.so
00264000-00265000 rw-p 00153000 08:04 8610       /lib/tls/i686/cmov/libc-2.10.1.so
00265000-00268000 rw-p 00000000 00:00 0 
00268000-0028f000 r-xp 00000000 08:04 49934      /usr/lib/jvm/java-6-openjdk/jre/lib/i386/libjava.so
0028f000-00290000 r--p 00026000 08:04 49934      /usr/lib/jvm/java-6-openjdk/jre/lib/i386/libjava.so
00290000-00292000 rw-p 00027000 08:04 49934      /usr/lib/jvm/java-6-openjdk/jre/lib/i386/libjava.so
00292000-0029b000 r-xp 00000000 08:04 8994       /lib/tls/i686/cmov/libnss_nis-2.10.1.so
0029b000-0029c000 r--p 00008000 08:04 8994       /lib/tls/i686/cmov/libnss_nis-2.10.1.so
0029c000-0029d000 rw-p 00009000 08:04 8994       /lib/tls/i686/cmov/libnss_nis-2.10.1.so
0029d000-002a8000 r-xp 00000000 08:04 8992       /lib/tls/i686/cmov/libnss_files-2.10.1.so
002a8000-002a9000 r--p 0000a000 08:04 8992       /lib/tls/i686/cmov/libnss_files-2.10.1.so
002a9000-002aa000 rw-p 0000b000 08:04 8992       /lib/tls/i686/cmov/libnss_files-2.10.1.so
002aa000-002b1000 r-xp 00000000 08:04 50048      /usr/lib/jvm/java-6-openjdk/jre/lib/i386/libzip.so
002b1000-002b2000 r--p 00006000 08:04 50048      /usr/lib/jvm/java-6-openjdk/jre/lib/i386/libzip.so
002b2000-002b3000 rw-p 00007000 08:04 50048      /usr/lib/jvm/java-6-openjdk/jre/lib/i386/libzip.so
002b3000-002b5000 rwxp 00000000 00:00 0 
002b5000-00333000 rwxp 00000000 00:00 0 
00333000-0033f000 rwxp 00000000 00:00 0 
0036a000-00390000 r-xp 00000000 08:04 8987       /lib/tls/i686/cmov/libm-2.10.1.so
00390000-00391000 r--p 00025000 08:04 8987       /lib/tls/i686/cmov/libm-2.10.1.so
00391000-00392000 rw-p 00026000 08:04 8987       /lib/tls/i686/cmov/libm-2.10.1.so
00392000-00393000 rwxp 00000000 00:00 0 
00393000-003a5000 rwxp 00000000 00:00 0 
003a5000-003a8000 rwxp 00000000 00:00 0 
003a8000-00492000 rwxp 00000000 00:00 0 
00492000-00498000 rwxp 00000000 00:00 0 
00498000-004b2000 rwxp 00000000 00:00 0 
004b2000-004bd000 rwxp 00000000 00:00 0 
00562000-00564000 r-xp 00000000 08:04 8982       /lib/tls/i686/cmov/libdl-2.10.1.so
00564000-00565000 r--p 00002000 08:04 8982       /lib/tls/i686/cmov/libdl-2.10.1.so
00565000-00566000 rw-p 00003000 08:04 8982       /lib/tls/i686/cmov/libdl-2.10.1.so
005e1000-005e8000 rwxp 00000000 00:00 0 
005e8000-00602000 rwxp 00000000 00:00 0 
006a1000-006a4000 rwxp 00000000 00:00 0 
006a4000-0078e000 rwxp 00000000 00:00 0 
007d5000-007dc000 r-xp 00000000 08:04 8990       /lib/tls/i686/cmov/libnss_compat-2.10.1.so
007dc000-007dd000 r--p 00006000 08:04 8990       /lib/tls/i686/cmov/libnss_compat-2.10.1.so
007dd000-007de000 rw-p 00007000 08:04 8990       /lib/tls/i686/cmov/libnss_compat-2.10.1.so
008d9000-008ed000 r-xp 00000000 08:04 3870       /lib/libz.so.1.2.3.3
008ed000-008ee000 r--p 00013000 08:04 3870       /lib/libz.so.1.2.3.3
008ee000-008ef000 rw-p 00014000 08:04 3870       /lib/libz.so.1.2.3.3
00a6b000-00a80000 r-xp 00000000 08:04 8989       /lib/tls/i686/cmov/libnsl-2.10.1.so
00a80000-00a81000 r--p 00014000 08:04 8989       /lib/tls/i686/cmov/libnsl-2.10.1.so
00a81000-00a82000 rw-p 00015000 08:04 8989       /lib/tls/i686/cmov/libnsl-2.10.1.so
00a82000-00a84000 rw-p 00000000 00:00 0 
00ad7000-00aed000 r-xp 00000000 08:04 8997       /lib/tls/i686/cmov/libpthread-2.10.1.so
00aed000-00aee000 r--p 00015000 08:04 8997       /lib/tls/i686/cmov/libpthread-2.10.1.so
00aee000-00aef000 rw-p 00016000 08:04 8997       /lib/tls/i686/cmov/libpthread-2.10.1.so
00aef000-00af1000 rw-p 00000000 00:00 0 
00b14000-00b1b000 r-xp 00000000 08:04 8999       /lib/tls/i686/cmov/librt-2.10.1.so
00b1b000-00b1c000 r--p 00006000 08:04 8999       /lib/tls/i686/cmov/librt-2.10.1.so
00b1c000-00b1d000 rw-p 00007000 08:04 8999       /lib/tls/i686/cmov/librt-2.10.1.so
00c17000-00c23000 r-xp 00000000 08:04 50045      /usr/lib/jvm/java-6-openjdk/jre/lib/i386/libverify.so
00c23000-00c24000 r--p 0000b000 08:04 50045      /usr/lib/jvm/java-6-openjdk/jre/lib/i386/libverify.so
00c24000-00c25000 rw-p 0000c000 08:04 50045      /usr/lib/jvm/java-6-openjdk/jre/lib/i386/libverify.so
00cb7000-00cbf000 r-xp 00000000 08:04 50049      /usr/lib/jvm/java-6-openjdk/jre/lib/i386/native_threads/libhpi.so
00cbf000-00cc0000 r--p 00007000 08:04 50049      /usr/lib/jvm/java-6-openjdk/jre/lib/i386/native_threads/libhpi.so
00cc0000-00cc1000 rw-p 00008000 08:04 50049      /usr/lib/jvm/java-6-openjdk/jre/lib/i386/native_threads/libhpi.so
00ccb000-00ccf000 r-xp 00000000 08:04 49759      /usr/lib/jvm/java-6-openjdk/jre/lib/i386/jli/libjli.so
00ccf000-00cd0000 r--p 00003000 08:04 49759      /usr/lib/jvm/java-6-openjdk/jre/lib/i386/jli/libjli.so
00cd0000-00cd1000 rw-p 00004000 08:04 49759      /usr/lib/jvm/java-6-openjdk/jre/lib/i386/jli/libjli.so
00d12000-00d2f000 r-xp 00000000 08:04 8618       /lib/ld-2.10.1.so
00d2f000-00d30000 r--p 0001c000 08:04 8618       /lib/ld-2.10.1.so
00d30000-00d31000 rw-p 0001d000 08:04 8618       /lib/ld-2.10.1.so
00dd5000-00dd6000 r-xp 00000000 00:00 0          [vdso]
00dd6000-01267000 r-xp 00000000 08:04 49747      /usr/lib/jvm/java-6-openjdk/jre/lib/i386/client/libjvm.so
01267000-0127d000 r--p 00491000 08:04 49747      /usr/lib/jvm/java-6-openjdk/jre/lib/i386/client/libjvm.so
0127d000-01289000 rw-p 004a7000 08:04 49747      /usr/lib/jvm/java-6-openjdk/jre/lib/i386/client/libjvm.so
01289000-016a9000 rw-p 00000000 00:00 0 
051e0000-05258000 rwxp 00000000 00:00 0 
05258000-071e0000 rwxp 00000000 00:00 0 
08048000-08051000 r-xp 00000000 08:04 50247      /usr/lib/jvm/java-6-openjdk/jre/bin/java
08051000-08052000 r--p 00008000 08:04 50247      /usr/lib/jvm/java-6-openjdk/jre/bin/java
08052000-08053000 rw-p 00009000 08:04 50247      /usr/lib/jvm/java-6-openjdk/jre/bin/java
09aca000-09b13000 rw-p 00000000 00:00 0          [heap]
72360000-72460000 rwxp 00000000 00:00 0 
72460000-74ac0000 rwxp 00000000 00:00 0 
74ac0000-74ec0000 rwxp 00000000 00:00 0 
74ec0000-92360000 rwxp 00000000 00:00 0 
92360000-92f60000 rwxp 00000000 00:00 0 
92f60000-96360000 rwxp 00000000 00:00 0 
96360000-96a8e000 r--s 00001000 08:04 125242     /usr/lib/jvm/java-6-openjdk/jre/lib/i386/client/classes.jsa
96a8e000-96b60000 rwxp 00000000 00:00 0 
96b60000-9728d000 rw-p 0072f000 08:04 125242     /usr/lib/jvm/java-6-openjdk/jre/lib/i386/client/classes.jsa
9728d000-97760000 rwxp 00000000 00:00 0 
97760000-97859000 rw-p 00e5c000 08:04 125242     /usr/lib/jvm/java-6-openjdk/jre/lib/i386/client/classes.jsa
97859000-97b60000 rwxp 00000000 00:00 0 
97b60000-97b68000 r-xs 00f55000 08:04 125242     /usr/lib/jvm/java-6-openjdk/jre/lib/i386/client/classes.jsa
97b68000-97f60000 rwxp 00000000 00:00 0 
b7b44000-b7b45000 ---p 00000000 00:00 0 
b7b45000-b7bc5000 rw-p 00000000 00:00 0 
b7bc5000-b7bc8000 ---p 00000000 00:00 0 
b7bc8000-b7c16000 rw-p 00000000 00:00 0 
b7c16000-b7c19000 ---p 00000000 00:00 0 
b7c19000-b7c97000 rw-p 00000000 00:00 0 
b7c97000-b7c9a000 ---p 00000000 00:00 0 
b7c9a000-b7ce8000 rw-p 00000000 00:00 0 
b7ce8000-b7cef000 r--s 00000000 08:04 8611       /usr/lib/gconv/gconv-modules.cache
b7cef000-b7d2e000 r--p 00000000 08:04 4121       /usr/lib/locale/es_AR.utf8/LC_CTYPE
b7d2e000-b7d31000 ---p 00000000 00:00 0 
b7d31000-b7d7f000 rw-p 00000000 00:00 0 
b7d7f000-b7d82000 ---p 00000000 00:00 0 
b7d82000-b7dd0000 rw-p 00000000 00:00 0 
b7dd0000-b7dd1000 ---p 00000000 00:00 0 
b7dd1000-b7e84000 rw-p 00000000 00:00 0 
b7e84000-b8019000 r--s 038e4000 08:04 47720      /usr/lib/jvm/java-6-openjdk/jre/lib/rt.jar
b8019000-b801c000 ---p 00000000 00:00 0 
b801c000-b806d000 rw-p 00000000 00:00 0 
b8078000-b8080000 rw-s 00000000 08:04 167864     /tmp/hsperfdata_zxero/6431
b8080000-b8081000 rw-p 00000000 00:00 0 
b8081000-b8082000 r--p 00000000 00:00 0 
b8082000-b8084000 rw-p 00000000 00:00 0 
bfe59000-bfe6e000 rw-p 00000000 00:00 0          [stack]

VM Arguments:
jvm_args: -Dfile.encoding=UTF-8 
java_command: splash.Main
Launcher Type: SUN_STANDARD

Environment Variables:
PATH=/usr/local/sbin:/usr/local/bin:/usr/sbin:/usr/bin:/sbin:/bin:/usr/games
USERNAME=zxero
LD_LIBRARY_PATH=/usr/lib/jvm/java-6-openjdk/jre/lib/i386/client:/usr/lib/jvm/java-6-openjdk/jre/lib/i386:/usr/lib/jvm/java-6-openjdk/jre/../lib/i386
SHELL=/bin/bash
DISPLAY=:0.0

Signal Handlers:
SIGSEGV: [libjvm.so+0x393d30], sa_mask[0]=0x7ffbfeff, sa_flags=0x10000004
SIGBUS: [libjvm.so+0x393d30], sa_mask[0]=0x7ffbfeff, sa_flags=0x10000004
SIGFPE: [libjvm.so+0x2c2c90], sa_mask[0]=0x7ffbfeff, sa_flags=0x10000004
SIGPIPE: [libjvm.so+0x2c2c90], sa_mask[0]=0x7ffbfeff, sa_flags=0x10000004
SIGXFSZ: [libjvm.so+0x2c2c90], sa_mask[0]=0x7ffbfeff, sa_flags=0x10000004
SIGILL: [libjvm.so+0x2c2c90], sa_mask[0]=0x7ffbfeff, sa_flags=0x10000004
SIGUSR1: SIG_DFL, sa_mask[0]=0x00000000, sa_flags=0x00000000
SIGUSR2: [libjvm.so+0x2c2370], sa_mask[0]=0x00000004, sa_flags=0x10000004
SIGHUP: [libjvm.so+0x2c4a20], sa_mask[0]=0x7ffbfeff, sa_flags=0x10000004
SIGINT: SIG_IGN, sa_mask[0]=0x00000000, sa_flags=0x00000000
SIGTERM: [libjvm.so+0x2c4a20], sa_mask[0]=0x7ffbfeff, sa_flags=0x10000004
SIGQUIT: [libjvm.so+0x2c4a20], sa_mask[0]=0x7ffbfeff, sa_flags=0x10000004


---------------  S Y S T E M  ---------------

OS:Ubuntu 9.10 (karmic)
uname:Linux 2.6.31-6-generic #25-Ubuntu SMP Fri Aug 14 16:25:04 UTC 2009 i686
libc:glibc 2.10.1 NPTL 2.10.1 
rlimit: STACK 8192k, CORE 0k, NPROC infinity, NOFILE 1024, AS infinity
load average:0.66 0.80 0.62

CPU:total 1 (1 cores per cpu, 1 threads per core) family 15 model 124 stepping 2, cmov, cx8, fxsr, mmx, sse, sse2, sse3, mmxext, 3dnow, 3dnowext

Memory: 4k page, physical 1414216k(208292k free), swap 0k(0k free)

vm_info: OpenJDK Client VM (14.0-b16) for linux-x86 JRE (1.6.0_0-b16), built on Oct  2 2009 14:34:03 by "buildd" with gcc 4.4.1

time: Mon Oct  5 16:18:44 2009
elapsed time: 0 seconds

